<?xml version="1.0" encoding="UTF-8"?>
<!-- Generated by org.testng.reporters.JUnitReportReporter -->
<testsuite skipped="0" hostname="DESKTOP-HF99DNN" name="tests.LoginTest" tests="1" failures="0" timestamp="02 Jul 2019 20:08:33 GMT" time="6.908" errors="0">
  <testcase name="testLoginToApp" time="6.908" classname="tests.LoginTest"/>
</testsuite> <!-- tests.LoginTest -->
