<?xml version="1.0" encoding="UTF-8"?>
<!-- Generated by org.testng.reporters.JUnitReportReporter -->
<testsuite skipped="0" hostname="DESKTOP-HF99DNN" name="tests.test2" tests="1" failures="0" timestamp="18 Jul 2019 19:47:17 GMT" time="0.007" errors="0">
  <testcase name="Test" time="0.007" classname="tests.test2"/>
</testsuite> <!-- tests.test2 -->
