<?xml version="1.0" encoding="UTF-8"?>
<!-- Generated by org.testng.reporters.JUnitReportReporter -->
<testsuite skipped="0" hostname="DESKTOP-HF99DNN" name="tests.ProductTest" tests="4" failures="0" timestamp="29 Jul 2019 23:46:14 GMT" time="34.876" errors="0">
  <testcase name="testOneOrderInCart" time="9.325" classname="tests.ProductTest"/>
  <testcase name="testSortingNameUp" time="8.157" classname="tests.ProductTest"/>
  <testcase name="testThreeOrdersInCart" time="9.502" classname="tests.ProductTest"/>
  <testcase name="testSortingNameDown" time="7.892" classname="tests.ProductTest"/>
</testsuite> <!-- tests.ProductTest -->
