<?xml version="1.0" encoding="UTF-8"?>
<!-- Generated by org.testng.reporters.JUnitReportReporter -->
<testsuite skipped="0" hostname="DESKTOP-HF99DNN" name="tests.LoginTest" tests="6" failures="0" timestamp="29 Jul 2019 23:46:14 GMT" time="54.658" errors="0">
  <testcase name="testLoginWithEmptyPassword" time="8.292" classname="tests.LoginTest"/>
  <testcase name="testLoginWithIncorectUser" time="6.211" classname="tests.LoginTest"/>
  <testcase name="testLoginWithLockedUser" time="5.746" classname="tests.LoginTest"/>
  <testcase name="testLoginExistedUser" time="10.374" classname="tests.LoginTest"/>
  <testcase name="testLoginWithEmptyUserName" time="5.436" classname="tests.LoginTest"/>
  <testcase name="testLogout" time="18.599" classname="tests.LoginTest"/>
</testsuite> <!-- tests.LoginTest -->
