<?xml version="1.0" encoding="UTF-8"?>
<!-- Generated by org.testng.reporters.JUnitReportReporter -->
<testsuite skipped="0" hostname="DESKTOP-HF99DNN" name="tests.LoginTest" tests="12" failures="0" timestamp="26 Jul 2019 18:09:40 GMT" time="134.001" errors="0">
  <testcase name="testLoginWithEmptyPassword" time="10.515" classname="tests.LoginTest"/>
  <testcase name="testLoginExistedUser" time="12.270" classname="tests.LoginTest"/>
  <testcase name="testLoginWithIncorectUser" time="7.390" classname="tests.LoginTest"/>
  <testcase name="testLoginExistedUser" time="11.888" classname="tests.LoginTest"/>
  <testcase name="testLogout" time="20.470" classname="tests.LoginTest"/>
  <testcase name="testLoginWithLockedUser" time="7.727" classname="tests.LoginTest"/>
  <testcase name="testLoginWithEmptyUserName" time="8.611" classname="tests.LoginTest"/>
  <testcase name="testLoginWithEmptyUserName" time="8.614" classname="tests.LoginTest"/>
  <testcase name="testLogout" time="23.751" classname="tests.LoginTest"/>
  <testcase name="testLoginWithEmptyPassword" time="7.812" classname="tests.LoginTest"/>
  <testcase name="testLoginWithIncorectUser" time="7.332" classname="tests.LoginTest"/>
  <testcase name="testLoginWithLockedUser" time="7.621" classname="tests.LoginTest"/>
</testsuite> <!-- tests.LoginTest -->
